Copyright 1986-2022 Xilinx, Inc. All Rights Reserved. Copyright 2022-2025 Advanced Micro Devices, Inc. All Rights Reserved.
---------------------------------------------------------------------------------------------------------------------------------------------
| Tool Version : Vivado v.2025.2 (win64) Build 6299465 Fri Nov 14 19:35:11 GMT 2025
| Date         : Sun May 10 14:59:30 2026
| Host         : Samridh running 64-bit major release  (build 9200)
| Command      : report_control_sets -verbose -file top_control_sets_placed.rpt
| Design       : top
| Device       : xc7a100t
---------------------------------------------------------------------------------------------------------------------------------------------

Control Set Information

Table of Contents
-----------------
1. Summary
2. Histogram
3. Flip-Flop Distribution
4. Detailed Control Set Information

1. Summary
----------

+----------------------------------------------------------+-------+
|                          Status                          | Count |
+----------------------------------------------------------+-------+
| Total control sets                                       |    14 |
|    Minimum number of control sets                        |    14 |
|    Addition due to synthesis replication                 |     0 |
|    Addition due to physical synthesis replication        |     0 |
| Unused register locations in slices containing registers |    75 |
+----------------------------------------------------------+-------+
* Control sets can be merged at opt_design using control_set_merge or merge_equivalent_drivers
** Run report_qor_suggestions for automated merging and remapping suggestions


2. Histogram
------------

+--------------------+-------+
|       Fanout       | Count |
+--------------------+-------+
| Total control sets |    14 |
| >= 0 to < 4        |     6 |
| >= 4 to < 6        |     2 |
| >= 6 to < 8        |     0 |
| >= 8 to < 10       |     1 |
| >= 10 to < 12      |     3 |
| >= 12 to < 14      |     0 |
| >= 14 to < 16      |     0 |
| >= 16              |     2 |
+--------------------+-------+
* Control sets can be remapped at either synth_design or opt_design


3. Flip-Flop Distribution
-------------------------

+--------------+-----------------------+------------------------+-----------------+--------------+
| Clock Enable | Synchronous Set/Reset | Asynchronous Set/Reset | Total Registers | Total Slices |
+--------------+-----------------------+------------------------+-----------------+--------------+
| No           | No                    | No                     |              34 |           11 |
| No           | No                    | Yes                    |               0 |            0 |
| No           | Yes                   | No                     |              11 |            5 |
| Yes          | No                    | No                     |              40 |           16 |
| Yes          | No                    | Yes                    |               0 |            0 |
| Yes          | Yes                   | No                     |               8 |            2 |
+--------------+-----------------------+------------------------+-----------------+--------------+


4. Detailed Control Set Information
-----------------------------------

+-----------------------+-----------------------------------+-------------------------------+------------------+----------------+--------------+
|      Clock Signal     |           Enable Signal           |        Set/Reset Signal       | Slice Load Count | Bel Load Count | Bels / Slice |
+-----------------------+-----------------------------------+-------------------------------+------------------+----------------+--------------+
|  clk_BUFG             |                                   | keyboard/debounce/Iv1_i_1_n_0 |                1 |              1 |         1.00 |
|  clk_BUFG             | keyboard/debounce/O01_out         |                               |                1 |              1 |         1.00 |
|  clk_BUFG             | keyboard/debounce/clear           |                               |                1 |              1 |         1.00 |
|  clk_BUFG             | keyboard/debounce/Iv1_i_1_n_0     |                               |                1 |              1 |         1.00 |
|  clk_BUFG             | keyboard/debounce/O10_out         |                               |                1 |              1 |         1.00 |
|  clk_BUFG             |                                   |                               |                1 |              2 |         2.00 |
| ~keyboard/debounce/O0 | keyboard/cnt[0]                   | keyboard/cnt[3]_i_1_n_0       |                1 |              4 |         4.00 |
|  clk_BUFG             | keyboard/debounce/cnt1[3]_i_1_n_0 | keyboard/debounce/Iv1_i_1_n_0 |                1 |              4 |         4.00 |
| ~keyboard/debounce/O0 |                                   |                               |                3 |              9 |         3.00 |
|  clk_BUFG             |                                   | sync_unit/x[9]_i_1_n_0        |                4 |             10 |         2.50 |
|  clk_BUFG             | sync_unit/x[9]_i_1_n_0            |                               |                4 |             10 |         2.50 |
|  CLK100MHZ_IBUF_BUFG  | keyboard/E[0]                     |                               |                4 |             10 |         2.50 |
|  keyboard/flag        | keyboard/dataprev[7]_i_1_n_0      |                               |                4 |             16 |         4.00 |
|  CLK100MHZ_IBUF_BUFG  |                                   |                               |                7 |             23 |         3.29 |
+-----------------------+-----------------------------------+-------------------------------+------------------+----------------+--------------+


